# JRE version: Java(TM) SE Runtime Environment (8.0_301-b09) (build 1.8.0_301-b09)
# Java VM: Java HotSpot(TM) 64-Bit Server VM (25.301-b09 mixed mode windows-amd64 compressed oops)
Heap:
 PSYoungGen      total 37888K, used 5393K [0x00000000d6000000, 0x00000000daa00000, 0x0000000100000000)
  eden space 32768K, 16% used [0x00000000d6000000,0x00000000d6544708,0x00000000d8000000)
  from space 5120K, 0% used [0x00000000d8000000,0x00000000d8000000,0x00000000d8500000)
  to   space 5120K, 0% used [0x00000000da500000,0x00000000da500000,0x00000000daa00000)
 ParOldGen       total 64512K, used 7753K [0x0000000082000000, 0x0000000085f00000, 0x00000000d6000000)
  object space 64512K, 12% used [0x0000000082000000,0x0000000082792570,0x0000000085f00000)
 Metaspace       used 21398K, capacity 21600K, committed 21888K, reserved 1069056K
  class space    used 2530K, capacity 2594K, committed 2688K, reserved 1048576K
GC Heap History (8 events):
Event: 2.905 GC heap before
{Heap before GC invocations=1 (full 0):
 PSYoungGen      total 37888K, used 32768K [0x00000000d6000000, 0x00000000d8a00000, 0x0000000100000000)
  eden space 32768K, 100% used [0x00000000d6000000,0x00000000d8000000,0x00000000d8000000)
  from space 5120K, 0% used [0x00000000d8500000,0x00000000d8500000,0x00000000d8a00000)
  to   space 5120K, 0% used [0x00000000d8000000,0x00000000d8000000,0x00000000d8500000)
 ParOldGen       total 86016K, used 0K [0x0000000082000000, 0x0000000087400000, 0x00000000d6000000)
  object space 86016K, 0% used [0x0000000082000000,0x0000000082000000,0x0000000087400000)
 Metaspace       used 12926K, capacity 13164K, committed 13440K, reserved 1060864K
  class space    used 1518K, capacity 1588K, committed 1664K, reserved 1048576K
Event: 2.915 GC heap after
Heap after GC invocations=1 (full 0):
 PSYoungGen      total 37888K, used 5111K [0x00000000d6000000, 0x00000000d8a00000, 0x0000000100000000)
  eden space 32768K, 0% used [0x00000000d6000000,0x00000000d6000000,0x00000000d8000000)
  from space 5120K, 99% used [0x00000000d8000000,0x00000000d84fde60,0x00000000d8500000)
  to   space 5120K, 0% used [0x00000000d8500000,0x00000000d8500000,0x00000000d8a00000)
 ParOldGen       total 86016K, used 984K [0x0000000082000000, 0x0000000087400000, 0x00000000d6000000)
  object space 86016K, 1% used [0x0000000082000000,0x00000000820f6028,0x0000000087400000)
 Metaspace       used 12926K, capacity 13164K, committed 13440K, reserved 1060864K
  class space    used 1518K, capacity 1588K, committed 1664K, reserved 1048576K
}
Event: 4.866 GC heap before
{Heap before GC invocations=2 (full 0):
 PSYoungGen      total 37888K, used 37879K [0x00000000d6000000, 0x00000000d8a00000, 0x0000000100000000)
  eden space 32768K, 100% used [0x00000000d6000000,0x00000000d8000000,0x00000000d8000000)
  from space 5120K, 99% used [0x00000000d8000000,0x00000000d84fde60,0x00000000d8500000)
  to   space 5120K, 0% used [0x00000000d8500000,0x00000000d8500000,0x00000000d8a00000)
 ParOldGen       total 86016K, used 984K [0x0000000082000000, 0x0000000087400000, 0x00000000d6000000)
  object space 86016K, 1% used [0x0000000082000000,0x00000000820f6028,0x0000000087400000)
 Metaspace       used 19660K, capacity 19914K, committed 20096K, reserved 1067008K
  class space    used 2342K, capacity 2425K, committed 2432K, reserved 1048576K
Event: 4.883 GC heap after
Heap after GC invocations=2 (full 0):
 PSYoungGen      total 37888K, used 5096K [0x00000000d6000000, 0x00000000d8a00000, 0x0000000100000000)
  eden space 32768K, 0% used [0x00000000d6000000,0x00000000d6000000,0x00000000d8000000)
  from space 5120K, 99% used [0x00000000d8500000,0x00000000d89fa050,0x00000000d8a00000)
  to   space 5120K, 0% used [0x00000000d8000000,0x00000000d8000000,0x00000000d8500000)
 ParOldGen       total 86016K, used 6794K [0x0000000082000000, 0x0000000087400000, 0x00000000d6000000)
  object space 86016K, 7% used [0x0000000082000000,0x00000000826a2a58,0x0000000087400000)
 Metaspace       used 19660K, capacity 19914K, committed 20096K, reserved 1067008K
  class space    used 2342K, capacity 2425K, committed 2432K, reserved 1048576K
}
Event: 5.340 GC heap before
{Heap before GC invocations=3 (full 0):
 PSYoungGen      total 37888K, used 13755K [0x00000000d6000000, 0x00000000d8a00000, 0x0000000100000000)
  eden space 32768K, 26% used [0x00000000d6000000,0x00000000d6874de0,0x00000000d8000000)
  from space 5120K, 99% used [0x00000000d8500000,0x00000000d89fa050,0x00000000d8a00000)
  to   space 5120K, 0% used [0x00000000d8000000,0x00000000d8000000,0x00000000d8500000)
 ParOldGen       total 86016K, used 6794K [0x0000000082000000, 0x0000000087400000, 0x00000000d6000000)
  object space 86016K, 7% used [0x0000000082000000,0x00000000826a2a58,0x0000000087400000)
 Metaspace       used 20962K, capacity 21172K, committed 21248K, reserved 1069056K
  class space    used 2482K, capacity 2560K, committed 2560K, reserved 1048576K
Event: 5.351 GC heap after
Heap after GC invocations=3 (full 0):
 PSYoungGen      total 37888K, used 5112K [0x00000000d6000000, 0x00000000daa00000, 0x0000000100000000)
  eden space 32768K, 0% used [0x00000000d6000000,0x00000000d6000000,0x00000000d8000000)
  from space 5120K, 99% used [0x00000000d8000000,0x00000000d84fe1e0,0x00000000d8500000)
  to   space 5120K, 0% used [0x00000000da500000,0x00000000da500000,0x00000000daa00000)
 ParOldGen       total 86016K, used 7854K [0x0000000082000000, 0x0000000087400000, 0x00000000d6000000)
  object space 86016K, 9% used [0x0000000082000000,0x00000000827ab8a8,0x0000000087400000)
 Metaspace       used 20962K, capacity 21172K, committed 21248K, reserved 1069056K
  class space    used 2482K, capacity 2560K, committed 2560K, reserved 1048576K
}
Event: 5.352 GC heap before
{Heap before GC invocations=4 (full 1):
 PSYoungGen      total 37888K, used 5112K [0x00000000d6000000, 0x00000000daa00000, 0x0000000100000000)
  eden space 32768K, 0% used [0x00000000d6000000,0x00000000d6000000,0x00000000d8000000)
  from space 5120K, 99% used [0x00000000d8000000,0x00000000d84fe1e0,0x00000000d8500000)
  to   space 5120K, 0% used [0x00000000da500000,0x00000000da500000,0x00000000daa00000)
 ParOldGen       total 86016K, used 7854K [0x0000000082000000, 0x0000000087400000, 0x00000000d6000000)
  object space 86016K, 9% used [0x0000000082000000,0x00000000827ab8a8,0x0000000087400000)
 Metaspace       used 20962K, capacity 21172K, committed 21248K, reserved 1069056K
  class space    used 2482K, capacity 2560K, committed 2560K, reserved 1048576K
Event: 5.418 GC heap after
Heap after GC invocations=4 (full 1):
 PSYoungGen      total 37888K, used 0K [0x00000000d6000000, 0x00000000daa00000, 0x0000000100000000)
  eden space 32768K, 0% used [0x00000000d6000000,0x00000000d6000000,0x00000000d8000000)
  from space 5120K, 0% used [0x00000000d8000000,0x00000000d8000000,0x00000000d8500000)
  to   space 5120K, 0% used [0x00000000da500000,0x00000000da500000,0x00000000daa00000)
 ParOldGen       total 64512K, used 7753K [0x0000000082000000, 0x0000000085f00000, 0x00000000d6000000)
  object space 64512K, 12% used [0x0000000082000000,0x0000000082792570,0x0000000085f00000)
 Metaspace       used 20962K, capacity 21172K, committed 21248K, reserved 1069056K
  class space    used 2482K, capacity 2560K, committed 2560K, reserved 1048576K
}

