<?xml version="1.0" encoding="UTF-8"?>
<!-- Generated by org.testng.reporters.JUnitXMLReporter -->
<testsuite hostname="RPK-20181114SUK" ignored="0" name="Default test" tests="7" failures="0" timestamp="22 十一月 2021 03:13:12 GMT" time="3.671" errors="0">
  <testcase name="run" time="1.077" classname="aout_li_requsetGetAndPost.BaseProcessor"/>
  <testcase name="run" time="0.12" classname="aout_li_requsetGetAndPost.BaseProcessor"/>
  <testcase name="run" time="0.107" classname="aout_li_requsetGetAndPost.BaseProcessor"/>
  <testcase name="run" time="0.153" classname="aout_li_requsetGetAndPost.BaseProcessor"/>
  <testcase name="run" time="0.292" classname="aout_li_requsetGetAndPost.BaseProcessor"/>
  <testcase name="run" time="0.481" classname="aout_li_requsetGetAndPost.BaseProcessor"/>
  <testcase name="run" time="0.743" classname="aout_li_requsetGetAndPost.BaseProcessor"/>
</testsuite> <!-- Default test -->
