<?xml version="1.0" encoding="UTF-8"?>
<!-- Generated by org.testng.reporters.JUnitXMLReporter -->
<testsuite hostname="RPK-20181114SUK" ignored="1" name="login_test" tests="13" failures="0" timestamp="22 十一月 2021 05:17:48 GMT" time="7.782" errors="0">
  <testcase name="run" time="1.594" classname="aout_li_requsetGetAndPost.BaseProcessor"/>
  <testcase name="run" time="0.144" classname="aout_li_requsetGetAndPost.BaseProcessor"/>
  <testcase name="run" time="2.56" classname="aout_li_requsetGetAndPost.BaseProcessor"/>
  <testcase name="run" time="0.193" classname="aout_li_requsetGetAndPost.BaseProcessor"/>
  <testcase name="run" time="0.192" classname="aout_li_requsetGetAndPost.BaseProcessor"/>
  <testcase name="run" time="0.841" classname="aout_li_requsetGetAndPost.BaseProcessor"/>
  <testcase name="run" time="0.103" classname="aout_li_requsetGetAndPost.BaseProcessor"/>
  <testcase name="run" time="0.104" classname="aout_li_requsetGetAndPost.BaseProcessor"/>
  <testcase name="run" time="0.088" classname="aout_li_requsetGetAndPost.BaseProcessor"/>
  <testcase name="run" time="0.134" classname="aout_li_requsetGetAndPost.BaseProcessor"/>
  <testcase name="run" time="0.21" classname="aout_li_requsetGetAndPost.BaseProcessor"/>
  <testcase name="run" time="0.457" classname="aout_li_requsetGetAndPost.BaseProcessor"/>
  <testcase name="run" time="0.451" classname="aout_li_requsetGetAndPost.BaseProcessor"/>
  <testcase name="@AfterSuite batchWriteBackDates" time="0.0" classname="aout_li_requsetGetAndPost.BaseProcessor">
    <ignored/>
  </testcase> <!-- @AfterSuite batchWriteBackDates -->
</testsuite> <!-- login_test -->
