<?xml version="1.0" encoding="UTF-8"?>
<!-- Generated by org.testng.reporters.JUnitXMLReporter -->
<testsuite hostname="LGY" ignored="0" name="phone/login_test" tests="6" failures="1" timestamp="21 三月 2022 02:05:32 GMT" time="5.653" errors="0">
  <testcase name="run" time="1.563" classname="aout_li_requsetGetAndPost.BaseProcessor">
    <failure type="java.lang.AssertionError" message="返回的不是200状态 expected [203] but found [200]">
      <![CDATA[java.lang.AssertionError: 返回的不是200状态 expected [203] but found [200]
at aout_li_Assert.asserCase1.assertEquals2(asserCase1.java:19)
at aout_li_requsetGetAndPost.BaseProcessor.run(BaseProcessor.java:91)
... Removed 30 stack frames]]>
    </failure>
  </testcase> <!-- run -->
  <testcase name="run" time="0.191" classname="aout_li_requsetGetAndPost.BaseProcessor"/>
  <testcase name="run" time="2.216" classname="aout_li_requsetGetAndPost.BaseProcessor"/>
  <testcase name="run" time="0.17" classname="aout_li_requsetGetAndPost.BaseProcessor"/>
  <testcase name="run" time="0.21" classname="aout_li_requsetGetAndPost.BaseProcessor"/>
  <testcase name="run" time="0.856" classname="aout_li_requsetGetAndPost.BaseProcessor"/>
</testsuite> <!-- phone/login_test -->
