<?xml version="1.0" encoding="UTF-8"?>
<!-- Generated by org.testng.reporters.JUnitXMLReporter -->
<testsuite hostname="LGY" ignored="0" name="staff/login_test" tests="7" failures="0" timestamp="21 三月 2022 02:05:34 GMT" time="2.692" errors="0">
  <testcase name="run" time="0.199" classname="aout_li_requsetGetAndPost.BaseProcessor"/>
  <testcase name="run" time="0.135" classname="aout_li_requsetGetAndPost.BaseProcessor"/>
  <testcase name="run" time="0.16" classname="aout_li_requsetGetAndPost.BaseProcessor"/>
  <testcase name="run" time="0.299" classname="aout_li_requsetGetAndPost.BaseProcessor"/>
  <testcase name="run" time="0.301" classname="aout_li_requsetGetAndPost.BaseProcessor"/>
  <testcase name="run" time="1.305" classname="aout_li_requsetGetAndPost.BaseProcessor"/>
  <testcase name="run" time="0.288" classname="aout_li_requsetGetAndPost.BaseProcessor"/>
</testsuite> <!-- staff/login_test -->
